<?xml version="1.0" encoding="UTF-8"?>
<testsuite name="ru.atom.exception.ArrayListTest" tests="1" skipped="0" failures="0" errors="0" timestamp="2017-10-05T23:34:39" hostname="alexander-pc" time="0.001">
  <properties/>
  <testcase name="testSimpleHandle" classname="ru.atom.exception.ArrayListTest" time="0.001"/>
  <system-out><![CDATA[]]></system-out>
  <system-err><![CDATA[]]></system-err>
</testsuite>
