<?xml version="1.0" encoding="UTF-8"?>
<testsuite name="ru.atom.GameModelTest" tests="3" skipped="0" failures="0" errors="0" timestamp="2017-11-11T12:16:51" hostname="alexander-pc" time="1.55">
  <properties/>
  <testcase name="movement" classname="ru.atom.GameModelTest" time="1.522"/>
  <testcase name="gameObjectsAreInstantiated" classname="ru.atom.GameModelTest" time="0.011"/>
  <testcase name="gameIsCreated" classname="ru.atom.GameModelTest" time="0.015"/>
  <system-out><![CDATA[15:16:52.995 [Test worker] INFO  ru.atom.model.GameSession - Object class ru.atom.model.Field with ID 0 on position with coordinates X:0 and Y:0 was created
15:16:53.008 [Test worker] INFO  ru.atom.model.GameSession - Object class ru.atom.model.Stone with ID 1 on position with coordinates X:0 and Y:0 was created
15:16:53.012 [Test worker] INFO  ru.atom.model.GameSession - Object class ru.atom.model.Stone with ID 2 on position with coordinates X:0 and Y:0 was created
15:16:53.015 [Test worker] INFO  ru.atom.model.GameSession - Object class ru.atom.model.Wood with ID 3 on position with coordinates X:0 and Y:0 was created
15:16:53.016 [Test worker] INFO  ru.atom.model.GameSession - Object class ru.atom.model.Wood with ID 4 on position with coordinates X:0 and Y:0 was created
15:16:53.017 [Test worker] INFO  ru.atom.model.GameSession - Object class ru.atom.model.Player with ID 5 on position with coordinates X:0 and Y:0 was created
15:16:53.018 [Test worker] INFO  ru.atom.model.GameSession - Object class ru.atom.model.Player with ID 6 on position with coordinates X:0 and Y:0 was created
15:16:53.019 [Test worker] INFO  ru.atom.model.GameSession - Object class ru.atom.model.Bomb with ID 7 on position with coordinates X:0 and Y:0 was created
15:16:53.019 [Test worker] INFO  ru.atom.model.GameSession - Object class ru.atom.model.Bomb with ID 8 on position with coordinates X:0 and Y:0 was created
15:16:53.020 [Test worker] INFO  ru.atom.model.GameSession - Object class ru.atom.model.Flame with ID 9 on position with coordinates X:0 and Y:0 was created
15:16:53.021 [Test worker] INFO  ru.atom.model.GameSession - Object class ru.atom.model.Flame with ID 10 on position with coordinates X:0 and Y:0 was created
15:16:53.022 [Test worker] INFO  ru.atom.model.GameSession - Object class ru.atom.model.SpeedBonus with ID 11 on position with coordinates X:0 and Y:0 was created
15:16:53.022 [Test worker] INFO  ru.atom.model.GameSession - Object class ru.atom.model.SpeedBonus with ID 12 on position with coordinates X:0 and Y:0 was created
15:16:53.023 [Test worker] INFO  ru.atom.model.GameSession - Object class ru.atom.model.FlameBonus with ID 13 on position with coordinates X:0 and Y:0 was created
15:16:53.024 [Test worker] INFO  ru.atom.model.GameSession - Object class ru.atom.model.FlameBonus with ID 14 on position with coordinates X:0 and Y:0 was created
15:16:53.025 [Test worker] INFO  ru.atom.model.GameSession - Object class ru.atom.model.BombBonus with ID 15 on position with coordinates X:0 and Y:0 was created
15:16:53.025 [Test worker] INFO  ru.atom.model.GameSession - Object class ru.atom.model.BombBonus with ID 16 on position with coordinates X:0 and Y:0 was created
15:16:53.030 [Test worker] INFO  ru.atom.model.GameSession - Object class ru.atom.model.Field with ID 17 on position with coordinates X:0 and Y:0 was created
15:16:53.031 [Test worker] INFO  ru.atom.model.GameSession - Object class ru.atom.model.Stone with ID 18 on position with coordinates X:0 and Y:0 was created
15:16:53.032 [Test worker] INFO  ru.atom.model.GameSession - Object class ru.atom.model.Stone with ID 19 on position with coordinates X:0 and Y:0 was created
15:16:53.032 [Test worker] INFO  ru.atom.model.GameSession - Object class ru.atom.model.Wood with ID 20 on position with coordinates X:0 and Y:0 was created
15:16:53.033 [Test worker] INFO  ru.atom.model.GameSession - Object class ru.atom.model.Wood with ID 21 on position with coordinates X:0 and Y:0 was created
15:16:53.033 [Test worker] INFO  ru.atom.model.GameSession - Object class ru.atom.model.Player with ID 22 on position with coordinates X:0 and Y:0 was created
15:16:53.034 [Test worker] INFO  ru.atom.model.GameSession - Object class ru.atom.model.Player with ID 23 on position with coordinates X:0 and Y:0 was created
15:16:53.035 [Test worker] INFO  ru.atom.model.GameSession - Object class ru.atom.model.Bomb with ID 24 on position with coordinates X:0 and Y:0 was created
15:16:53.035 [Test worker] INFO  ru.atom.model.GameSession - Object class ru.atom.model.Bomb with ID 25 on position with coordinates X:0 and Y:0 was created
15:16:53.036 [Test worker] INFO  ru.atom.model.GameSession - Object class ru.atom.model.Flame with ID 26 on position with coordinates X:0 and Y:0 was created
15:16:53.037 [Test worker] INFO  ru.atom.model.GameSession - Object class ru.atom.model.Flame with ID 27 on position with coordinates X:0 and Y:0 was created
15:16:53.037 [Test worker] INFO  ru.atom.model.GameSession - Object class ru.atom.model.SpeedBonus with ID 28 on position with coordinates X:0 and Y:0 was created
15:16:53.038 [Test worker] INFO  ru.atom.model.GameSession - Object class ru.atom.model.SpeedBonus with ID 29 on position with coordinates X:0 and Y:0 was created
15:16:53.038 [Test worker] INFO  ru.atom.model.GameSession - Object class ru.atom.model.FlameBonus with ID 30 on position with coordinates X:0 and Y:0 was created
15:16:53.039 [Test worker] INFO  ru.atom.model.GameSession - Object class ru.atom.model.FlameBonus with ID 31 on position with coordinates X:0 and Y:0 was created
15:16:53.040 [Test worker] INFO  ru.atom.model.GameSession - Object class ru.atom.model.BombBonus with ID 32 on position with coordinates X:0 and Y:0 was created
15:16:53.040 [Test worker] INFO  ru.atom.model.GameSession - Object class ru.atom.model.BombBonus with ID 33 on position with coordinates X:0 and Y:0 was created
15:16:53.042 [Test worker] INFO  ru.atom.model.GameSession - Object class ru.atom.model.Field with ID 34 on position with coordinates X:0 and Y:0 was created
15:16:53.043 [Test worker] INFO  ru.atom.model.GameSession - Object class ru.atom.model.Stone with ID 35 on position with coordinates X:0 and Y:0 was created
15:16:53.043 [Test worker] INFO  ru.atom.model.GameSession - Object class ru.atom.model.Stone with ID 36 on position with coordinates X:0 and Y:0 was created
15:16:53.044 [Test worker] INFO  ru.atom.model.GameSession - Object class ru.atom.model.Wood with ID 37 on position with coordinates X:0 and Y:0 was created
15:16:53.044 [Test worker] INFO  ru.atom.model.GameSession - Object class ru.atom.model.Wood with ID 38 on position with coordinates X:0 and Y:0 was created
15:16:53.045 [Test worker] INFO  ru.atom.model.GameSession - Object class ru.atom.model.Player with ID 39 on position with coordinates X:0 and Y:0 was created
15:16:53.045 [Test worker] INFO  ru.atom.model.GameSession - Object class ru.atom.model.Player with ID 40 on position with coordinates X:0 and Y:0 was created
15:16:53.046 [Test worker] INFO  ru.atom.model.GameSession - Object class ru.atom.model.Bomb with ID 41 on position with coordinates X:0 and Y:0 was created
15:16:53.046 [Test worker] INFO  ru.atom.model.GameSession - Object class ru.atom.model.Bomb with ID 42 on position with coordinates X:0 and Y:0 was created
15:16:53.048 [Test worker] INFO  ru.atom.model.GameSession - Object class ru.atom.model.Flame with ID 43 on position with coordinates X:0 and Y:0 was created
15:16:53.049 [Test worker] INFO  ru.atom.model.GameSession - Object class ru.atom.model.Flame with ID 44 on position with coordinates X:0 and Y:0 was created
15:16:53.050 [Test worker] INFO  ru.atom.model.GameSession - Object class ru.atom.model.SpeedBonus with ID 45 on position with coordinates X:0 and Y:0 was created
15:16:53.051 [Test worker] INFO  ru.atom.model.GameSession - Object class ru.atom.model.SpeedBonus with ID 46 on position with coordinates X:0 and Y:0 was created
15:16:53.051 [Test worker] INFO  ru.atom.model.GameSession - Object class ru.atom.model.FlameBonus with ID 47 on position with coordinates X:0 and Y:0 was created
15:16:53.053 [Test worker] INFO  ru.atom.model.GameSession - Object class ru.atom.model.FlameBonus with ID 48 on position with coordinates X:0 and Y:0 was created
15:16:53.054 [Test worker] INFO  ru.atom.model.GameSession - Object class ru.atom.model.BombBonus with ID 49 on position with coordinates X:0 and Y:0 was created
15:16:53.055 [Test worker] INFO  ru.atom.model.GameSession - Object class ru.atom.model.BombBonus with ID 50 on position with coordinates X:0 and Y:0 was created
]]></system-out>
  <system-err><![CDATA[]]></system-err>
</testsuite>
