<?xml version="1.0" encoding="UTF-8"?>
<testsuite name="ru.atom.instantiation.InstantiationTest" tests="2" skipped="0" failures="0" errors="0" timestamp="2017-09-27T22:02:24" hostname="alexander-pc" time="0.057">
  <properties/>
  <testcase name="testBaseClassInstantiation" classname="ru.atom.instantiation.InstantiationTest" time="0.05"/>
  <testcase name="testSubClassInstantiation" classname="ru.atom.instantiation.InstantiationTest" time="0.007"/>
  <system-out><![CDATA[Base: static init block 1
Base: init block
Base: inited field `baseClassFieldValue` = BaseClassFieldValue
Base: constructor
Sub: static init block
Base: init block
Base: inited field `baseClassFieldValue` = BaseClassFieldValue
Base: constructor
Sub: init block
Sub: inited field `willBeInited` = 42
Sub: constructor
]]></system-out>
  <system-err><![CDATA[]]></system-err>
</testsuite>
