<?xml version="1.0" encoding="UTF-8"?>
<testsuite name="ru.atom.message.example1.TitledMessageTest" tests="1" skipped="0" failures="0" errors="0" timestamp="2017-09-27T22:02:24" hostname="alexander-pc" time="0.01">
  <properties/>
  <testcase name="instance" classname="ru.atom.message.example1.TitledMessageTest" time="0.01"/>
  <system-out><![CDATA[]]></system-out>
  <system-err><![CDATA[]]></system-err>
</testsuite>
