<?xml version="1.0" encoding="UTF-8"?>
<testsuite name="ru.atom.geometry.PointPointCollisionTest" tests="6" skipped="0" failures="0" errors="0" timestamp="2017-09-27T22:02:24" hostname="alexander-pc" time="0.004">
  <properties/>
  <testcase name="pointsNotCollide1" classname="ru.atom.geometry.PointPointCollisionTest" time="0.0"/>
  <testcase name="pointsNotCollide2" classname="ru.atom.geometry.PointPointCollisionTest" time="0.001"/>
  <testcase name="pointsNotCollide3" classname="ru.atom.geometry.PointPointCollisionTest" time="0.0"/>
  <testcase name="equalPointsCollide" classname="ru.atom.geometry.PointPointCollisionTest" time="0.0"/>
  <testcase name="pointsEquals" classname="ru.atom.geometry.PointPointCollisionTest" time="0.0"/>
  <testcase name="pointSelfCollide" classname="ru.atom.geometry.PointPointCollisionTest" time="0.0"/>
  <system-out><![CDATA[]]></system-out>
  <system-err><![CDATA[]]></system-err>
</testsuite>
