<?xml version="1.0" encoding="UTF-8"?>
<testsuite name="ru.atom.geometry.BarPointCollisionTest" tests="6" skipped="0" failures="0" errors="0" timestamp="2017-09-27T22:02:24" hostname="alexander-pc" time="0.044">
  <properties/>
  <testcase name="pointOnCornerOfBar" classname="ru.atom.geometry.BarPointCollisionTest" time="0.036"/>
  <testcase name="pointOutsideOfBar1" classname="ru.atom.geometry.BarPointCollisionTest" time="0.0"/>
  <testcase name="pointOutsideOfBar2" classname="ru.atom.geometry.BarPointCollisionTest" time="0.0"/>
  <testcase name="pointOutsideOfBar3" classname="ru.atom.geometry.BarPointCollisionTest" time="0.0"/>
  <testcase name="pointOnBorderOfBar" classname="ru.atom.geometry.BarPointCollisionTest" time="0.0"/>
  <testcase name="pointInsideBar" classname="ru.atom.geometry.BarPointCollisionTest" time="0.0"/>
  <system-out><![CDATA[]]></system-out>
  <system-err><![CDATA[]]></system-err>
</testsuite>
